Using pre-set license
Built from '2020.3/staging' branch; Version is '2020.3.28f1 (f5400f52e03f) revision 16072719'; Using compiler version '192528614'; Build Type 'Release'
OS: 'Windows 11  (10.0.22000) 64bit Core' Language: 'en' Physical Memory: 8005 MB
BatchMode: 1, IsHumanControllingUs: 0, StartBugReporterOnCrash: 0, Is64bit: 1, IsPro: 0

COMMAND LINE ARGUMENTS:
C:\Program Files\Unity\Hub\Editor\2020.3.28f1\Editor\Unity.exe
-adb2
-batchMode
-noUpm
-name
AssetImportWorker0
-projectPath
D:/Projekt/unity/Contact
-logFile
Logs/AssetImportWorker0.log
-srvPort
61033
Successfully changed project path to: D:/Projekt/unity/Contact
D:/Projekt/unity/Contact
Using Asset Import Pipeline V2.
Refreshing native plugins compatible for Editor in 125.54 ms, found 5 plugins.
Preloading 0 native plugins for Editor in 0.00 ms.
Initialize engine version: 2020.3.28f1 (f5400f52e03f)
[Subsystems] Discovering subsystems at path C:/Program Files/Unity/Hub/Editor/2020.3.28f1/Editor/Data/Resources/UnitySubsystems
[Subsystems] Discovering subsystems at path D:/Projekt/unity/Contact/Assets
GfxDevice: creating device client; threaded=0
Direct3D:
    Version:  Direct3D 11.0 [level 11.0]
    Renderer: Intel(R) HD Graphics 4000 (ID=0x166)
    Vendor:   
    VRAM:     128 MB
    Driver:   10.18.10.4425
Initialize mono
Mono path[0] = 'C:/Program Files/Unity/Hub/Editor/2020.3.28f1/Editor/Data/Managed'
Mono path[1] = 'C:/Program Files/Unity/Hub/Editor/2020.3.28f1/Editor/Data/MonoBleedingEdge/lib/mono/unityjit'
Mono config path = 'C:/Program Files/Unity/Hub/Editor/2020.3.28f1/Editor/Data/MonoBleedingEdge/etc'
Using monoOptions --debugger-agent=transport=dt_socket,embedding=1,server=y,suspend=n,address=127.0.0.1:56632
Begin MonoManager ReloadAssembly
Registering precompiled unity dll's ...
Register platform support module: C:/Program Files/Unity/Hub/Editor/2020.3.28f1/Editor/Data/PlaybackEngines/WindowsStandaloneSupport/UnityEditor.WindowsStandalone.Extensions.dll
Registered in 0.004652 seconds.
Native extension for WindowsStandalone target not found
Refreshing native plugins compatible for Editor in 115.19 ms, found 5 plugins.
Preloading 0 native plugins for Editor in 0.00 ms.
Mono: successfully reloaded assembly
- Completed reload, in  1.444 seconds
Domain Reload Profiling:
	ReloadAssembly (1444ms)
		BeginReloadAssembly (211ms)
			ExecutionOrderSort (0ms)
			DisableScriptedObjects (0ms)
			BackupInstance (0ms)
			ReleaseScriptingObjects (0ms)
			CreateAndSetChildDomain (2ms)
		EndReloadAssembly (1085ms)
			LoadAssemblies (207ms)
			RebuildTransferFunctionScriptingTraits (0ms)
			SetupTypeCache (311ms)
			ReleaseScriptCaches (0ms)
			RebuildScriptCaches (68ms)
			SetupLoadedEditorAssemblies (409ms)
				LogAssemblyErrors (0ms)
				InitializePlatformSupportModulesInManaged (9ms)
				SetLoadedEditorAssemblies (0ms)
				RefreshPlugins (116ms)
				BeforeProcessingInitializeOnLoad (27ms)
				ProcessInitializeOnLoadAttributes (187ms)
				ProcessInitializeOnLoadMethodAttributes (70ms)
				AfterProcessingInitializeOnLoad (0ms)
				EditorAssembliesLoaded (0ms)
			ExecutionOrderSort2 (0ms)
			AwakeInstancesAfterBackupRestoration (0ms)
Platform modules already initialized, skipping
Registering precompiled user dll's ...
Registered in 0.035909 seconds.
Begin MonoManager ReloadAssembly
Native extension for WindowsStandalone target not found
Refreshing native plugins compatible for Editor in 96.34 ms, found 5 plugins.
Preloading 0 native plugins for Editor in 0.00 ms.
Mono: successfully reloaded assembly
- Completed reload, in  2.049 seconds
Domain Reload Profiling:
	ReloadAssembly (2050ms)
		BeginReloadAssembly (265ms)
			ExecutionOrderSort (0ms)
			DisableScriptedObjects (7ms)
			BackupInstance (0ms)
			ReleaseScriptingObjects (0ms)
			CreateAndSetChildDomain (29ms)
		EndReloadAssembly (1671ms)
			LoadAssemblies (247ms)
			RebuildTransferFunctionScriptingTraits (0ms)
			SetupTypeCache (508ms)
			ReleaseScriptCaches (1ms)
			RebuildScriptCaches (102ms)
			SetupLoadedEditorAssemblies (640ms)
				LogAssemblyErrors (0ms)
				InitializePlatformSupportModulesInManaged (6ms)
				SetLoadedEditorAssemblies (0ms)
				RefreshPlugins (96ms)
				BeforeProcessingInitializeOnLoad (107ms)
				ProcessInitializeOnLoadAttributes (390ms)
				ProcessInitializeOnLoadMethodAttributes (33ms)
				AfterProcessingInitializeOnLoad (8ms)
				EditorAssembliesLoaded (0ms)
			ExecutionOrderSort2 (0ms)
			AwakeInstancesAfterBackupRestoration (10ms)
Platform modules already initialized, skipping
========================================================================
Worker process is ready to serve import requests
Launched and connected shader compiler UnityShaderCompiler.exe after 0.13 seconds
Refreshing native plugins compatible for Editor in 1.70 ms, found 5 plugins.
Preloading 0 native plugins for Editor in 0.00 ms.
Unloading 2245 Unused Serialized files (Serialized files now loaded: 0)
System memory in use before: 96.5 MB.
System memory in use after: 96.7 MB.

Unloading 42 unused Assets to reduce memory usage. Loaded Objects now: 2709.
Total: 8.732200 ms (FindLiveObjects: 0.243300 ms CreateObjectMapping: 0.209000 ms MarkObjects: 8.126600 ms  DeleteObjects: 0.151100 ms)

AssetImportParameters requested are different than current active one (requested -> active):
  custom:framework-win-MediaFoundation: 216162199b28c13a410421893ffa2e32 -> 
  custom:video-decoder-ogg-theora: a1e56fd34408186e4bbccfd4996cb3dc -> 
  custom:container-muxer-webm: aa71ff27fc2769a1b78a27578f13a17b -> 
  custom:container-demuxer-webm: 4f35f7cbe854078d1ac9338744f61a02 -> 
  custom:container-demuxer-ogg: 62fdf1f143b41e24485cea50d1cbac27 -> 
  custom:video-encoder-webm-vp8: eb34c28f22e8b96e1ab97ce403110664 -> 
  custom:video-decoder-webm-vp8: 9c59270c3fd7afecdb556c50c9e8de78 -> 
  custom:audio-decoder-ogg-vorbis: bf7c407c2cedff20999df2af8eb42d56 -> 
  custom:audio-encoder-webm-vorbis: bf7c407c2cedff20999df2af8eb42d56 -> 
========================================================================
Received Import Request.
  path: Assets/Prefabs/Player.prefab
  artifactKey: Guid(8f075120737faab438b5aa5a685fb566) Importer(815301076,1909f56bfc062723c751e8b465ee728b)
Start importing Assets/Prefabs/Player.prefab using Guid(8f075120737faab438b5aa5a685fb566) Importer(815301076,1909f56bfc062723c751e8b465ee728b)  -> (artifact id: '094ada3e51df3237c1c2b5bbf0af930b') in 0.275344 seconds 
  Import took 0.286047 seconds .

========================================================================
Received Import Request.
  Time since last request: 32.322146 seconds.
  path: Assets/Sprites/Dungeon/items and trap_animation/keys
  artifactKey: Guid(3ce89e6f0ab0a8d4bbcf3e8755b79ec2) Importer(815301076,1909f56bfc062723c751e8b465ee728b)
Start importing Assets/Sprites/Dungeon/items and trap_animation/keys using Guid(3ce89e6f0ab0a8d4bbcf3e8755b79ec2) Importer(815301076,1909f56bfc062723c751e8b465ee728b)  -> (artifact id: '63c46443db43cb409c6e459ee84b516f') in 0.019309 seconds 
  Import took 0.026557 seconds .

========================================================================
Received Import Request.
  Time since last request: 31.680300 seconds.
  path: Assets/Prefabs/Key.prefab
  artifactKey: Guid(7885658271a72eb4882fce1309d8c4bd) Importer(815301076,1909f56bfc062723c751e8b465ee728b)
Start importing Assets/Prefabs/Key.prefab using Guid(7885658271a72eb4882fce1309d8c4bd) Importer(815301076,1909f56bfc062723c751e8b465ee728b)  -> (artifact id: '28ebb21ab3e6cffcf69c40ec7a7afef4') in 0.024816 seconds 
  Import took 0.031895 seconds .

========================================================================
Received Import Request.
  Time since last request: 63.910758 seconds.
  path: Assets/Sprites/Dungeon/items and trap_animation/keys/keys_1_1.png
  artifactKey: Guid(4aa2273e7ef9d024f92694dae4538052) Importer(815301076,1909f56bfc062723c751e8b465ee728b)
Start importing Assets/Sprites/Dungeon/items and trap_animation/keys/keys_1_1.png using Guid(4aa2273e7ef9d024f92694dae4538052) Importer(815301076,1909f56bfc062723c751e8b465ee728b)  -> (artifact id: '8848de3f30561664371849da3b5b801b') in 0.112815 seconds 
  Import took 0.121708 seconds .

========================================================================
Received Import Request.
  Time since last request: 0.000435 seconds.
  path: Assets/Sprites/Dungeon/items and trap_animation/keys/keys_1_2.png
  artifactKey: Guid(107a0d7f20469ab44ad03b35694d890a) Importer(815301076,1909f56bfc062723c751e8b465ee728b)
Start importing Assets/Sprites/Dungeon/items and trap_animation/keys/keys_1_2.png using Guid(107a0d7f20469ab44ad03b35694d890a) Importer(815301076,1909f56bfc062723c751e8b465ee728b)  -> (artifact id: '515ee6f8acb6f7f8f78e4a9a9946b8d3') in 0.032247 seconds 
  Import took 0.039029 seconds .

========================================================================
Received Import Request.
  Time since last request: 0.000308 seconds.
  path: Assets/Sprites/Dungeon/items and trap_animation/keys/keys_1_4.png
  artifactKey: Guid(f992379d043f21c47b1e376527162705) Importer(815301076,1909f56bfc062723c751e8b465ee728b)
Start importing Assets/Sprites/Dungeon/items and trap_animation/keys/keys_1_4.png using Guid(f992379d043f21c47b1e376527162705) Importer(815301076,1909f56bfc062723c751e8b465ee728b)  -> (artifact id: '99d4cbe36b8f802f4c694abcbee0c860') in 0.029543 seconds 
  Import took 0.041702 seconds .

========================================================================
Received Import Request.
  Time since last request: 0.000446 seconds.
  path: Assets/Sprites/Dungeon/items and trap_animation/keys/keys_2_1.png
  artifactKey: Guid(1e00d9f1cd7195f4fa4c4f3f3edb8d1c) Importer(815301076,1909f56bfc062723c751e8b465ee728b)
Start importing Assets/Sprites/Dungeon/items and trap_animation/keys/keys_2_1.png using Guid(1e00d9f1cd7195f4fa4c4f3f3edb8d1c) Importer(815301076,1909f56bfc062723c751e8b465ee728b)  -> (artifact id: 'd2d716015c14655b3df64791ccb59deb') in 0.050195 seconds 
  Import took 0.063911 seconds .

========================================================================
Received Import Request.
  Time since last request: 0.000365 seconds.
  path: Assets/Sprites/Dungeon/items and trap_animation/keys/keys_2_3.png
  artifactKey: Guid(8d69137ae4d46fe4cb8182ac7b807070) Importer(815301076,1909f56bfc062723c751e8b465ee728b)
Start importing Assets/Sprites/Dungeon/items and trap_animation/keys/keys_2_3.png using Guid(8d69137ae4d46fe4cb8182ac7b807070) Importer(815301076,1909f56bfc062723c751e8b465ee728b)  -> (artifact id: '804b7fc7bbefbb1a3a23c84deeaa5630') in 0.025353 seconds 
  Import took 0.032781 seconds .

========================================================================
Received Import Request.
  Time since last request: 0.000376 seconds.
  path: Assets/Sprites/Dungeon/items and trap_animation/keys/keys_2_4.png
  artifactKey: Guid(e4d6f1409556bad4cbf2defe623456e9) Importer(815301076,1909f56bfc062723c751e8b465ee728b)
Start importing Assets/Sprites/Dungeon/items and trap_animation/keys/keys_2_4.png using Guid(e4d6f1409556bad4cbf2defe623456e9) Importer(815301076,1909f56bfc062723c751e8b465ee728b)  -> (artifact id: '588a5b181e44378a708ed89f9581bb4f') in 0.028307 seconds 
  Import took 0.036191 seconds .

========================================================================
Received Import Request.
  Time since last request: 0.001105 seconds.
  path: Assets/Sprites/Dungeon/items and trap_animation/keys/keys_2_2.png
  artifactKey: Guid(2250cccbd3b8b2b47b771738a414a3b2) Importer(815301076,1909f56bfc062723c751e8b465ee728b)
Start importing Assets/Sprites/Dungeon/items and trap_animation/keys/keys_2_2.png using Guid(2250cccbd3b8b2b47b771738a414a3b2) Importer(815301076,1909f56bfc062723c751e8b465ee728b)  -> (artifact id: '44c8eea94a4e9e4602fcc19284389834') in 0.028263 seconds 
  Import took 0.036416 seconds .

========================================================================
Received Import Request.
  Time since last request: 0.000455 seconds.
  path: Assets/Sprites/Dungeon/items and trap_animation/keys/keys_1_3.png
  artifactKey: Guid(bf2798c536f37ba43868798395c7c4a8) Importer(815301076,1909f56bfc062723c751e8b465ee728b)
Start importing Assets/Sprites/Dungeon/items and trap_animation/keys/keys_1_3.png using Guid(bf2798c536f37ba43868798395c7c4a8) Importer(815301076,1909f56bfc062723c751e8b465ee728b)  -> (artifact id: '77cf4f6f43bcbf7ad403545ade5afabc') in 0.027863 seconds 
  Import took 0.034917 seconds .

========================================================================
Received Import Request.
  Time since last request: 9.678416 seconds.
  path: Assets/Sprites/Dungeon/items and trap_animation/keys/keys_1_1.png
  artifactKey: Guid(4aa2273e7ef9d024f92694dae4538052) Importer(815301076,1909f56bfc062723c751e8b465ee728b)
Start importing Assets/Sprites/Dungeon/items and trap_animation/keys/keys_1_1.png using Guid(4aa2273e7ef9d024f92694dae4538052) Importer(815301076,1909f56bfc062723c751e8b465ee728b)  -> (artifact id: '0bf91aac863558a88780fec047e44688') in 0.025069 seconds 
  Import took 0.033041 seconds .

========================================================================
Received Import Request.
  Time since last request: 0.002048 seconds.
  path: Assets/Sprites/Dungeon/items and trap_animation/keys/keys_1_2.png
  artifactKey: Guid(107a0d7f20469ab44ad03b35694d890a) Importer(815301076,1909f56bfc062723c751e8b465ee728b)
Start importing Assets/Sprites/Dungeon/items and trap_animation/keys/keys_1_2.png using Guid(107a0d7f20469ab44ad03b35694d890a) Importer(815301076,1909f56bfc062723c751e8b465ee728b)  -> (artifact id: '015082691e8b9638832444822f0fc698') in 0.025042 seconds 
  Import took 0.033338 seconds .

========================================================================
Received Import Request.
  Time since last request: 0.000374 seconds.
  path: Assets/Sprites/Dungeon/items and trap_animation/keys/keys_1_4.png
  artifactKey: Guid(f992379d043f21c47b1e376527162705) Importer(815301076,1909f56bfc062723c751e8b465ee728b)
Start importing Assets/Sprites/Dungeon/items and trap_animation/keys/keys_1_4.png using Guid(f992379d043f21c47b1e376527162705) Importer(815301076,1909f56bfc062723c751e8b465ee728b)  -> (artifact id: 'dd3c418b0124c2ba0ba0874a6a16f867') in 0.028174 seconds 
  Import took 0.034979 seconds .

========================================================================
Received Import Request.
  Time since last request: 0.000425 seconds.
  path: Assets/Sprites/Dungeon/items and trap_animation/keys/keys_2_1.png
  artifactKey: Guid(1e00d9f1cd7195f4fa4c4f3f3edb8d1c) Importer(815301076,1909f56bfc062723c751e8b465ee728b)
Start importing Assets/Sprites/Dungeon/items and trap_animation/keys/keys_2_1.png using Guid(1e00d9f1cd7195f4fa4c4f3f3edb8d1c) Importer(815301076,1909f56bfc062723c751e8b465ee728b)  -> (artifact id: '7add2b5e2c2e6914637afa3444649272') in 0.024515 seconds 
  Import took 0.031246 seconds .

========================================================================
Received Import Request.
  Time since last request: 0.000434 seconds.
  path: Assets/Sprites/Dungeon/items and trap_animation/keys/keys_2_3.png
  artifactKey: Guid(8d69137ae4d46fe4cb8182ac7b807070) Importer(815301076,1909f56bfc062723c751e8b465ee728b)
Start importing Assets/Sprites/Dungeon/items and trap_animation/keys/keys_2_3.png using Guid(8d69137ae4d46fe4cb8182ac7b807070) Importer(815301076,1909f56bfc062723c751e8b465ee728b)  -> (artifact id: 'eda6e50aaf5f3743c37f4762990529c2') in 0.029065 seconds 
  Import took 0.035897 seconds .

========================================================================
Received Import Request.
  Time since last request: 0.000316 seconds.
  path: Assets/Sprites/Dungeon/items and trap_animation/keys/keys_2_4.png
  artifactKey: Guid(e4d6f1409556bad4cbf2defe623456e9) Importer(815301076,1909f56bfc062723c751e8b465ee728b)
Start importing Assets/Sprites/Dungeon/items and trap_animation/keys/keys_2_4.png using Guid(e4d6f1409556bad4cbf2defe623456e9) Importer(815301076,1909f56bfc062723c751e8b465ee728b)  -> (artifact id: '333404f26af0140063933948b7dfb5ee') in 0.024748 seconds 
  Import took 0.031290 seconds .

========================================================================
Received Import Request.
  Time since last request: 0.000334 seconds.
  path: Assets/Sprites/Dungeon/items and trap_animation/keys/keys_2_2.png
  artifactKey: Guid(2250cccbd3b8b2b47b771738a414a3b2) Importer(815301076,1909f56bfc062723c751e8b465ee728b)
Start importing Assets/Sprites/Dungeon/items and trap_animation/keys/keys_2_2.png using Guid(2250cccbd3b8b2b47b771738a414a3b2) Importer(815301076,1909f56bfc062723c751e8b465ee728b)  -> (artifact id: 'e438eb9765bdb0a3d6b756741132b616') in 0.023924 seconds 
  Import took 0.029020 seconds .

========================================================================
Received Import Request.
  Time since last request: 0.000306 seconds.
  path: Assets/Sprites/Dungeon/items and trap_animation/keys/keys_1_3.png
  artifactKey: Guid(bf2798c536f37ba43868798395c7c4a8) Importer(815301076,1909f56bfc062723c751e8b465ee728b)
Start importing Assets/Sprites/Dungeon/items and trap_animation/keys/keys_1_3.png using Guid(bf2798c536f37ba43868798395c7c4a8) Importer(815301076,1909f56bfc062723c751e8b465ee728b)  -> (artifact id: '530f190b5ecb795512bcd67240178ce7') in 0.026748 seconds 
  Import took 0.033713 seconds .

========================================================================
Received Import Request.
  Time since last request: 36.040397 seconds.
  path: Assets/Animations/Key.controller
  artifactKey: Guid(babbb366fdffc1f41bb0324b946bb273) Importer(815301076,1909f56bfc062723c751e8b465ee728b)
Start importing Assets/Animations/Key.controller using Guid(babbb366fdffc1f41bb0324b946bb273) Importer(815301076,1909f56bfc062723c751e8b465ee728b)  -> (artifact id: '0eba060ede428bfefa277304828e40df') in 0.020476 seconds 
  Import took 0.028868 seconds .

========================================================================
Received Import Request.
  Time since last request: 19.654410 seconds.
  path: Assets/Animations/Key.anim
  artifactKey: Guid(9c9c15e55110eab4e857122c7e8ab019) Importer(815301076,1909f56bfc062723c751e8b465ee728b)
Start importing Assets/Animations/Key.anim using Guid(9c9c15e55110eab4e857122c7e8ab019) Importer(815301076,1909f56bfc062723c751e8b465ee728b)  -> (artifact id: 'f0e17b47f69e8bb37fab8842bfc65529') in 0.008512 seconds 
  Import took 0.014337 seconds .

========================================================================
Received Prepare
Registering precompiled user dll's ...
Registered in 0.078802 seconds.
Begin MonoManager ReloadAssembly
Native extension for WindowsStandalone target not found
Refreshing native plugins compatible for Editor in 0.99 ms, found 5 plugins.
Preloading 0 native plugins for Editor in 0.00 ms.
Mono: successfully reloaded assembly
- Completed reload, in  2.281 seconds
Domain Reload Profiling:
	ReloadAssembly (2282ms)
		BeginReloadAssembly (213ms)
			ExecutionOrderSort (0ms)
			DisableScriptedObjects (10ms)
			BackupInstance (0ms)
			ReleaseScriptingObjects (0ms)
			CreateAndSetChildDomain (60ms)
		EndReloadAssembly (1871ms)
			LoadAssemblies (285ms)
			RebuildTransferFunctionScriptingTraits (0ms)
			SetupTypeCache (601ms)
			ReleaseScriptCaches (2ms)
			RebuildScriptCaches (146ms)
			SetupLoadedEditorAssemblies (553ms)
				LogAssemblyErrors (0ms)
				InitializePlatformSupportModulesInManaged (7ms)
				SetLoadedEditorAssemblies (1ms)
				RefreshPlugins (1ms)
				BeforeProcessingInitializeOnLoad (109ms)
				ProcessInitializeOnLoadAttributes (404ms)
				ProcessInitializeOnLoadMethodAttributes (21ms)
				AfterProcessingInitializeOnLoad (9ms)
				EditorAssembliesLoaded (0ms)
			ExecutionOrderSort2 (0ms)
			AwakeInstancesAfterBackupRestoration (16ms)
Platform modules already initialized, skipping
Refreshing native plugins compatible for Editor in 1.74 ms, found 5 plugins.
Preloading 0 native plugins for Editor in 0.00 ms.
Unloading 2234 Unused Serialized files (Serialized files now loaded: 0)
System memory in use before: 99.1 MB.
System memory in use after: 99.3 MB.

Unloading 31 unused Assets to reduce memory usage. Loaded Objects now: 2722.
Total: 8.629200 ms (FindLiveObjects: 0.568500 ms CreateObjectMapping: 0.471500 ms MarkObjects: 7.520000 ms  DeleteObjects: 0.065700 ms)

AssetImportParameters requested are different than current active one (requested -> active):
  custom:framework-win-MediaFoundation: 216162199b28c13a410421893ffa2e32 -> 
  custom:video-decoder-ogg-theora: a1e56fd34408186e4bbccfd4996cb3dc -> 
  custom:container-muxer-webm: aa71ff27fc2769a1b78a27578f13a17b -> 
  custom:container-demuxer-webm: 4f35f7cbe854078d1ac9338744f61a02 -> 
  custom:container-demuxer-ogg: 62fdf1f143b41e24485cea50d1cbac27 -> 
  custom:video-encoder-webm-vp8: eb34c28f22e8b96e1ab97ce403110664 -> 
  custom:video-decoder-webm-vp8: 9c59270c3fd7afecdb556c50c9e8de78 -> 
  custom:audio-decoder-ogg-vorbis: bf7c407c2cedff20999df2af8eb42d56 -> 
  custom:audio-encoder-webm-vorbis: bf7c407c2cedff20999df2af8eb42d56 -> 
========================================================================
Received Prepare
Registering precompiled user dll's ...
Registered in 0.116298 seconds.
Begin MonoManager ReloadAssembly
Native extension for WindowsStandalone target not found
Refreshing native plugins compatible for Editor in 0.98 ms, found 5 plugins.
Preloading 0 native plugins for Editor in 0.00 ms.
Mono: successfully reloaded assembly
- Completed reload, in  3.103 seconds
Domain Reload Profiling:
	ReloadAssembly (3122ms)
		BeginReloadAssembly (1281ms)
			ExecutionOrderSort (0ms)
			DisableScriptedObjects (93ms)
			BackupInstance (0ms)
			ReleaseScriptingObjects (2ms)
			CreateAndSetChildDomain (416ms)
		EndReloadAssembly (1692ms)
			LoadAssemblies (243ms)
			RebuildTransferFunctionScriptingTraits (0ms)
			SetupTypeCache (591ms)
			ReleaseScriptCaches (2ms)
			RebuildScriptCaches (119ms)
			SetupLoadedEditorAssemblies (613ms)
				LogAssemblyErrors (0ms)
				InitializePlatformSupportModulesInManaged (14ms)
				SetLoadedEditorAssemblies (1ms)
				RefreshPlugins (1ms)
				BeforeProcessingInitializeOnLoad (98ms)
				ProcessInitializeOnLoadAttributes (456ms)
				ProcessInitializeOnLoadMethodAttributes (35ms)
				AfterProcessingInitializeOnLoad (8ms)
				EditorAssembliesLoaded (1ms)
			ExecutionOrderSort2 (0ms)
			AwakeInstancesAfterBackupRestoration (16ms)
Platform modules already initialized, skipping
Refreshing native plugins compatible for Editor in 1.47 ms, found 5 plugins.
Preloading 0 native plugins for Editor in 0.00 ms.
Unloading 2234 Unused Serialized files (Serialized files now loaded: 0)
System memory in use before: 99.1 MB.
System memory in use after: 99.4 MB.

Unloading 31 unused Assets to reduce memory usage. Loaded Objects now: 2724.
Total: 7.268400 ms (FindLiveObjects: 0.255400 ms CreateObjectMapping: 0.152500 ms MarkObjects: 6.749700 ms  DeleteObjects: 0.108500 ms)

AssetImportParameters requested are different than current active one (requested -> active):
  custom:framework-win-MediaFoundation: 216162199b28c13a410421893ffa2e32 -> 
  custom:video-decoder-ogg-theora: a1e56fd34408186e4bbccfd4996cb3dc -> 
  custom:container-muxer-webm: aa71ff27fc2769a1b78a27578f13a17b -> 
  custom:container-demuxer-webm: 4f35f7cbe854078d1ac9338744f61a02 -> 
  custom:container-demuxer-ogg: 62fdf1f143b41e24485cea50d1cbac27 -> 
  custom:video-encoder-webm-vp8: eb34c28f22e8b96e1ab97ce403110664 -> 
  custom:video-decoder-webm-vp8: 9c59270c3fd7afecdb556c50c9e8de78 -> 
  custom:audio-decoder-ogg-vorbis: bf7c407c2cedff20999df2af8eb42d56 -> 
  custom:audio-encoder-webm-vorbis: bf7c407c2cedff20999df2af8eb42d56 -> 
========================================================================
Received Import Request.
  Time since last request: 1214.230594 seconds.
  path: Assets/Scripts/PCG
  artifactKey: Guid(127ee73ea2ba8a24893ff0821c110550) Importer(815301076,1909f56bfc062723c751e8b465ee728b)
Start importing Assets/Scripts/PCG using Guid(127ee73ea2ba8a24893ff0821c110550) Importer(815301076,1909f56bfc062723c751e8b465ee728b)  -> (artifact id: '6229a4def06841de4f25db738ae8b065') in 0.043696 seconds 
  Import took 0.074514 seconds .

========================================================================
Received Prepare
Registering precompiled user dll's ...
Registered in 0.008637 seconds.
Begin MonoManager ReloadAssembly
Native extension for WindowsStandalone target not found
Refreshing native plugins compatible for Editor in 0.92 ms, found 5 plugins.
Preloading 0 native plugins for Editor in 0.00 ms.
Mono: successfully reloaded assembly
- Completed reload, in  2.006 seconds
Domain Reload Profiling:
	ReloadAssembly (2007ms)
		BeginReloadAssembly (295ms)
			ExecutionOrderSort (0ms)
			DisableScriptedObjects (17ms)
			BackupInstance (0ms)
			ReleaseScriptingObjects (0ms)
			CreateAndSetChildDomain (80ms)
		EndReloadAssembly (1617ms)
			LoadAssemblies (246ms)
			RebuildTransferFunctionScriptingTraits (0ms)
			SetupTypeCache (579ms)
			ReleaseScriptCaches (1ms)
			RebuildScriptCaches (95ms)
			SetupLoadedEditorAssemblies (553ms)
				LogAssemblyErrors (0ms)
				InitializePlatformSupportModulesInManaged (8ms)
				SetLoadedEditorAssemblies (1ms)
				RefreshPlugins (1ms)
				BeforeProcessingInitializeOnLoad (94ms)
				ProcessInitializeOnLoadAttributes (409ms)
				ProcessInitializeOnLoadMethodAttributes (29ms)
				AfterProcessingInitializeOnLoad (11ms)
				EditorAssembliesLoaded (0ms)
			ExecutionOrderSort2 (0ms)
			AwakeInstancesAfterBackupRestoration (32ms)
Platform modules already initialized, skipping
Refreshing native plugins compatible for Editor in 1.45 ms, found 5 plugins.
Preloading 0 native plugins for Editor in 0.00 ms.
Unloading 2234 Unused Serialized files (Serialized files now loaded: 0)
System memory in use before: 99.2 MB.
System memory in use after: 99.4 MB.

Unloading 31 unused Assets to reduce memory usage. Loaded Objects now: 2726.
Total: 4.270200 ms (FindLiveObjects: 0.338400 ms CreateObjectMapping: 0.155200 ms MarkObjects: 3.728400 ms  DeleteObjects: 0.046300 ms)

AssetImportParameters requested are different than current active one (requested -> active):
  custom:framework-win-MediaFoundation: 216162199b28c13a410421893ffa2e32 -> 
  custom:video-decoder-ogg-theora: a1e56fd34408186e4bbccfd4996cb3dc -> 
  custom:container-muxer-webm: aa71ff27fc2769a1b78a27578f13a17b -> 
  custom:container-demuxer-webm: 4f35f7cbe854078d1ac9338744f61a02 -> 
  custom:container-demuxer-ogg: 62fdf1f143b41e24485cea50d1cbac27 -> 
  custom:video-encoder-webm-vp8: eb34c28f22e8b96e1ab97ce403110664 -> 
  custom:video-decoder-webm-vp8: 9c59270c3fd7afecdb556c50c9e8de78 -> 
  custom:audio-decoder-ogg-vorbis: bf7c407c2cedff20999df2af8eb42d56 -> 
  custom:audio-encoder-webm-vorbis: bf7c407c2cedff20999df2af8eb42d56 -> 
========================================================================
Received Prepare
Registering precompiled user dll's ...
Registered in 0.011274 seconds.
Begin MonoManager ReloadAssembly
Native extension for WindowsStandalone target not found
Refreshing native plugins compatible for Editor in 1.12 ms, found 5 plugins.
Preloading 0 native plugins for Editor in 0.00 ms.
Mono: successfully reloaded assembly
- Completed reload, in  2.365 seconds
Domain Reload Profiling:
	ReloadAssembly (2366ms)
		BeginReloadAssembly (417ms)
			ExecutionOrderSort (0ms)
			DisableScriptedObjects (13ms)
			BackupInstance (0ms)
			ReleaseScriptingObjects (0ms)
			CreateAndSetChildDomain (80ms)
		EndReloadAssembly (1604ms)
			LoadAssemblies (360ms)
			RebuildTransferFunctionScriptingTraits (0ms)
			SetupTypeCache (584ms)
			ReleaseScriptCaches (1ms)
			RebuildScriptCaches (83ms)
			SetupLoadedEditorAssemblies (555ms)
				LogAssemblyErrors (0ms)
				InitializePlatformSupportModulesInManaged (9ms)
				SetLoadedEditorAssemblies (1ms)
				RefreshPlugins (1ms)
				BeforeProcessingInitializeOnLoad (128ms)
				ProcessInitializeOnLoadAttributes (386ms)
				ProcessInitializeOnLoadMethodAttributes (21ms)
				AfterProcessingInitializeOnLoad (8ms)
				EditorAssembliesLoaded (0ms)
			ExecutionOrderSort2 (0ms)
			AwakeInstancesAfterBackupRestoration (16ms)
Platform modules already initialized, skipping
Refreshing native plugins compatible for Editor in 1.66 ms, found 5 plugins.
Preloading 0 native plugins for Editor in 0.00 ms.
Unloading 2234 Unused Serialized files (Serialized files now loaded: 0)
System memory in use before: 99.2 MB.
System memory in use after: 99.4 MB.

Unloading 31 unused Assets to reduce memory usage. Loaded Objects now: 2728.
Total: 5.547600 ms (FindLiveObjects: 0.265000 ms CreateObjectMapping: 0.141300 ms MarkObjects: 5.098800 ms  DeleteObjects: 0.040800 ms)

AssetImportParameters requested are different than current active one (requested -> active):
  custom:framework-win-MediaFoundation: 216162199b28c13a410421893ffa2e32 -> 
  custom:video-decoder-ogg-theora: a1e56fd34408186e4bbccfd4996cb3dc -> 
  custom:container-muxer-webm: aa71ff27fc2769a1b78a27578f13a17b -> 
  custom:container-demuxer-webm: 4f35f7cbe854078d1ac9338744f61a02 -> 
  custom:container-demuxer-ogg: 62fdf1f143b41e24485cea50d1cbac27 -> 
  custom:video-encoder-webm-vp8: eb34c28f22e8b96e1ab97ce403110664 -> 
  custom:video-decoder-webm-vp8: 9c59270c3fd7afecdb556c50c9e8de78 -> 
  custom:audio-decoder-ogg-vorbis: bf7c407c2cedff20999df2af8eb42d56 -> 
  custom:audio-encoder-webm-vorbis: bf7c407c2cedff20999df2af8eb42d56 -> 
========================================================================
Received Import Request.
  Time since last request: 30.402860 seconds.
  path: Assets/Scripts/TilemapVisualizer.cs
  artifactKey: Guid(9ef1c210db2a15144b6c93da1d060da6) Importer(815301076,1909f56bfc062723c751e8b465ee728b)
Start importing Assets/Scripts/TilemapVisualizer.cs using Guid(9ef1c210db2a15144b6c93da1d060da6) Importer(815301076,1909f56bfc062723c751e8b465ee728b)  -> (artifact id: '8b24e8d13f296b899e6f86b09541ea47') in 0.071618 seconds 
  Import took 0.079649 seconds .

========================================================================
Received Import Request.
  Time since last request: 6.561822 seconds.
  path: Assets/Scripts/SysDiagnostics.cs
  artifactKey: Guid(1104c5cdbde73ea4f91c40239674ba44) Importer(815301076,1909f56bfc062723c751e8b465ee728b)
Start importing Assets/Scripts/SysDiagnostics.cs using Guid(1104c5cdbde73ea4f91c40239674ba44) Importer(815301076,1909f56bfc062723c751e8b465ee728b)  -> (artifact id: '08e6167eb2efa3f4919426d77acbaf59') in 0.017105 seconds 
  Import took 0.023941 seconds .

========================================================================
Received Import Request.
  Time since last request: 13.107742 seconds.
  path: Assets/Scripts/ObjectPositionList.cs
  artifactKey: Guid(d836bbda2b115b84485da5999b567ae0) Importer(815301076,1909f56bfc062723c751e8b465ee728b)
Start importing Assets/Scripts/ObjectPositionList.cs using Guid(d836bbda2b115b84485da5999b567ae0) Importer(815301076,1909f56bfc062723c751e8b465ee728b)  -> (artifact id: 'f7cc8671b06ca5cea0747b3786790b7c') in 0.015845 seconds 
  Import took 0.022138 seconds .

========================================================================
Received Prepare
Registering precompiled user dll's ...
Registered in 0.035087 seconds.
Begin MonoManager ReloadAssembly
Native extension for WindowsStandalone target not found
Refreshing native plugins compatible for Editor in 2.41 ms, found 5 plugins.
Preloading 0 native plugins for Editor in 0.00 ms.
Mono: successfully reloaded assembly
- Completed reload, in  4.360 seconds
Domain Reload Profiling:
	ReloadAssembly (4361ms)
		BeginReloadAssembly (1575ms)
			ExecutionOrderSort (0ms)
			DisableScriptedObjects (21ms)
			BackupInstance (0ms)
			ReleaseScriptingObjects (0ms)
			CreateAndSetChildDomain (878ms)
		EndReloadAssembly (2602ms)
			LoadAssemblies (749ms)
			RebuildTransferFunctionScriptingTraits (0ms)
			SetupTypeCache (950ms)
			ReleaseScriptCaches (2ms)
			RebuildScriptCaches (97ms)
			SetupLoadedEditorAssemblies (887ms)
				LogAssemblyErrors (0ms)
				InitializePlatformSupportModulesInManaged (17ms)
				SetLoadedEditorAssemblies (1ms)
				RefreshPlugins (3ms)
				BeforeProcessingInitializeOnLoad (373ms)
				ProcessInitializeOnLoadAttributes (461ms)
				ProcessInitializeOnLoadMethodAttributes (24ms)
				AfterProcessingInitializeOnLoad (8ms)
				EditorAssembliesLoaded (0ms)
			ExecutionOrderSort2 (0ms)
			AwakeInstancesAfterBackupRestoration (18ms)
Platform modules already initialized, skipping
Refreshing native plugins compatible for Editor in 1.80 ms, found 5 plugins.
Preloading 0 native plugins for Editor in 0.00 ms.
Unloading 2234 Unused Serialized files (Serialized files now loaded: 0)
System memory in use before: 99.1 MB.
System memory in use after: 99.3 MB.

Unloading 31 unused Assets to reduce memory usage. Loaded Objects now: 2730.
Total: 4.456200 ms (FindLiveObjects: 0.246900 ms CreateObjectMapping: 0.139400 ms MarkObjects: 4.024400 ms  DeleteObjects: 0.043600 ms)

AssetImportParameters requested are different than current active one (requested -> active):
  custom:framework-win-MediaFoundation: 216162199b28c13a410421893ffa2e32 -> 
  custom:video-decoder-ogg-theora: a1e56fd34408186e4bbccfd4996cb3dc -> 
  custom:container-muxer-webm: aa71ff27fc2769a1b78a27578f13a17b -> 
  custom:container-demuxer-webm: 4f35f7cbe854078d1ac9338744f61a02 -> 
  custom:container-demuxer-ogg: 62fdf1f143b41e24485cea50d1cbac27 -> 
  custom:video-encoder-webm-vp8: eb34c28f22e8b96e1ab97ce403110664 -> 
  custom:video-decoder-webm-vp8: 9c59270c3fd7afecdb556c50c9e8de78 -> 
  custom:audio-decoder-ogg-vorbis: bf7c407c2cedff20999df2af8eb42d56 -> 
  custom:audio-encoder-webm-vorbis: bf7c407c2cedff20999df2af8eb42d56 -> 
========================================================================
Received Import Request.
  Time since last request: 73.016709 seconds.
  path: Assets/Prefabs/Key.prefab
  artifactKey: Guid(7885658271a72eb4882fce1309d8c4bd) Importer(815301076,1909f56bfc062723c751e8b465ee728b)
Start importing Assets/Prefabs/Key.prefab using Guid(7885658271a72eb4882fce1309d8c4bd) Importer(815301076,1909f56bfc062723c751e8b465ee728b)  -> (artifact id: 'ca2675f4032738e2463c11e8486c9247') in 0.182716 seconds 
  Import took 0.190445 seconds .

========================================================================
Received Prepare
Registering precompiled user dll's ...
Registered in 0.036346 seconds.
Begin MonoManager ReloadAssembly
Native extension for WindowsStandalone target not found
Refreshing native plugins compatible for Editor in 1.67 ms, found 5 plugins.
Preloading 0 native plugins for Editor in 0.00 ms.
Mono: successfully reloaded assembly
- Completed reload, in  2.656 seconds
Domain Reload Profiling:
	ReloadAssembly (2657ms)
		BeginReloadAssembly (351ms)
			ExecutionOrderSort (0ms)
			DisableScriptedObjects (14ms)
			BackupInstance (0ms)
			ReleaseScriptingObjects (0ms)
			CreateAndSetChildDomain (163ms)
		EndReloadAssembly (2153ms)
			LoadAssemblies (234ms)
			RebuildTransferFunctionScriptingTraits (0ms)
			SetupTypeCache (856ms)
			ReleaseScriptCaches (2ms)
			RebuildScriptCaches (98ms)
			SetupLoadedEditorAssemblies (818ms)
				LogAssemblyErrors (0ms)
				InitializePlatformSupportModulesInManaged (18ms)
				SetLoadedEditorAssemblies (20ms)
				RefreshPlugins (2ms)
				BeforeProcessingInitializeOnLoad (230ms)
				ProcessInitializeOnLoadAttributes (517ms)
				ProcessInitializeOnLoadMethodAttributes (24ms)
				AfterProcessingInitializeOnLoad (8ms)
				EditorAssembliesLoaded (0ms)
			ExecutionOrderSort2 (0ms)
			AwakeInstancesAfterBackupRestoration (17ms)
Platform modules already initialized, skipping
Refreshing native plugins compatible for Editor in 1.49 ms, found 5 plugins.
Preloading 0 native plugins for Editor in 0.00 ms.
Unloading 2234 Unused Serialized files (Serialized files now loaded: 0)
System memory in use before: 99.2 MB.
System memory in use after: 99.4 MB.

Unloading 31 unused Assets to reduce memory usage. Loaded Objects now: 2733.
Total: 5.899500 ms (FindLiveObjects: 0.317300 ms CreateObjectMapping: 0.160500 ms MarkObjects: 5.372600 ms  DeleteObjects: 0.046800 ms)

AssetImportParameters requested are different than current active one (requested -> active):
  custom:framework-win-MediaFoundation: 216162199b28c13a410421893ffa2e32 -> 
  custom:video-decoder-ogg-theora: a1e56fd34408186e4bbccfd4996cb3dc -> 
  custom:container-muxer-webm: aa71ff27fc2769a1b78a27578f13a17b -> 
  custom:container-demuxer-webm: 4f35f7cbe854078d1ac9338744f61a02 -> 
  custom:container-demuxer-ogg: 62fdf1f143b41e24485cea50d1cbac27 -> 
  custom:video-encoder-webm-vp8: eb34c28f22e8b96e1ab97ce403110664 -> 
  custom:video-decoder-webm-vp8: 9c59270c3fd7afecdb556c50c9e8de78 -> 
  custom:audio-decoder-ogg-vorbis: bf7c407c2cedff20999df2af8eb42d56 -> 
  custom:audio-encoder-webm-vorbis: bf7c407c2cedff20999df2af8eb42d56 -> 
========================================================================
Received Prepare
Registering precompiled user dll's ...
Registered in 0.013024 seconds.
Begin MonoManager ReloadAssembly
Native extension for WindowsStandalone target not found
Refreshing native plugins compatible for Editor in 1.03 ms, found 5 plugins.
Preloading 0 native plugins for Editor in 0.00 ms.
Mono: successfully reloaded assembly
- Completed reload, in  2.427 seconds
Domain Reload Profiling:
	ReloadAssembly (2428ms)
		BeginReloadAssembly (227ms)
			ExecutionOrderSort (0ms)
			DisableScriptedObjects (13ms)
			BackupInstance (0ms)
			ReleaseScriptingObjects (0ms)
			CreateAndSetChildDomain (59ms)
		EndReloadAssembly (2104ms)
			LoadAssemblies (207ms)
			RebuildTransferFunctionScriptingTraits (0ms)
			SetupTypeCache (721ms)
			ReleaseScriptCaches (2ms)
			RebuildScriptCaches (97ms)
			SetupLoadedEditorAssemblies (871ms)
				LogAssemblyErrors (0ms)
				InitializePlatformSupportModulesInManaged (9ms)
				SetLoadedEditorAssemblies (1ms)
				RefreshPlugins (1ms)
				BeforeProcessingInitializeOnLoad (119ms)
				ProcessInitializeOnLoadAttributes (651ms)
				ProcessInitializeOnLoadMethodAttributes (52ms)
				AfterProcessingInitializeOnLoad (37ms)
				EditorAssembliesLoaded (1ms)
			ExecutionOrderSort2 (0ms)
			AwakeInstancesAfterBackupRestoration (39ms)
Platform modules already initialized, skipping
Refreshing native plugins compatible for Editor in 4.50 ms, found 5 plugins.
Preloading 0 native plugins for Editor in 0.00 ms.
Unloading 2234 Unused Serialized files (Serialized files now loaded: 0)
System memory in use before: 99.2 MB.
System memory in use after: 99.4 MB.

Unloading 31 unused Assets to reduce memory usage. Loaded Objects now: 2735.
Total: 5.124900 ms (FindLiveObjects: 0.265500 ms CreateObjectMapping: 0.146300 ms MarkObjects: 4.667500 ms  DeleteObjects: 0.043700 ms)

AssetImportParameters requested are different than current active one (requested -> active):
  custom:framework-win-MediaFoundation: 216162199b28c13a410421893ffa2e32 -> 
  custom:video-decoder-ogg-theora: a1e56fd34408186e4bbccfd4996cb3dc -> 
  custom:container-muxer-webm: aa71ff27fc2769a1b78a27578f13a17b -> 
  custom:container-demuxer-webm: 4f35f7cbe854078d1ac9338744f61a02 -> 
  custom:container-demuxer-ogg: 62fdf1f143b41e24485cea50d1cbac27 -> 
  custom:video-encoder-webm-vp8: eb34c28f22e8b96e1ab97ce403110664 -> 
  custom:video-decoder-webm-vp8: 9c59270c3fd7afecdb556c50c9e8de78 -> 
  custom:audio-decoder-ogg-vorbis: bf7c407c2cedff20999df2af8eb42d56 -> 
  custom:audio-encoder-webm-vorbis: bf7c407c2cedff20999df2af8eb42d56 -> 
========================================================================
Received Import Request.
  Time since last request: 94.912008 seconds.
  path: Assets/Scenes/Level2.unity
  artifactKey: Guid(d4324fb2d51a03542b696261ea4ab2d4) Importer(815301076,1909f56bfc062723c751e8b465ee728b)
Start importing Assets/Scenes/Level2.unity using Guid(d4324fb2d51a03542b696261ea4ab2d4) Importer(815301076,1909f56bfc062723c751e8b465ee728b)  -> (artifact id: '5f2bb1bd6a5b61ce33b3ff56c7931390') in 0.049926 seconds 
  Import took 0.058049 seconds .

========================================================================
Received Import Request.
  Time since last request: 13.868268 seconds.
  path: Assets/Scenes/Level3.unity
  artifactKey: Guid(d30b90738c87e1f4daba253789e5e207) Importer(815301076,1909f56bfc062723c751e8b465ee728b)
Start importing Assets/Scenes/Level3.unity using Guid(d30b90738c87e1f4daba253789e5e207) Importer(815301076,1909f56bfc062723c751e8b465ee728b)  -> (artifact id: '84f4ea402055002b299184af98f1f51e') in 0.018246 seconds 
  Import took 0.026746 seconds .

========================================================================
Received Import Request.
  Time since last request: 13.705524 seconds.
  path: Assets/Scenes/Level3.unity
  artifactKey: Guid(d30b90738c87e1f4daba253789e5e207) Importer(815301076,1909f56bfc062723c751e8b465ee728b)
Start importing Assets/Scenes/Level3.unity using Guid(d30b90738c87e1f4daba253789e5e207) Importer(815301076,1909f56bfc062723c751e8b465ee728b)  -> (artifact id: '0fc8c42ad94da47d21b772d732707050') in 0.006963 seconds 
  Import took 0.016307 seconds .

========================================================================
Received Import Request.
  Time since last request: 0.582769 seconds.
  path: Assets/Scenes/Level1.unity
  artifactKey: Guid(2cda990e2423bbf4892e6590ba056729) Importer(815301076,1909f56bfc062723c751e8b465ee728b)
Start importing Assets/Scenes/Level1.unity using Guid(2cda990e2423bbf4892e6590ba056729) Importer(815301076,1909f56bfc062723c751e8b465ee728b)  -> (artifact id: '578e63047c2dcea115d5286db67c0971') in 0.024236 seconds 
  Import took 0.030611 seconds .

AssetImportWorkerClient::OnTransportError - code=2 error=End of file
